{"level":"info","message":"User service running on port 5000","timestamp":"2026-01-30T18:50:06.579Z"}
{"level":"info","message":"User service running on port 5000","timestamp":"2026-01-30T18:51:35.243Z"}
{"level":"info","message":"User service running on port 5000","timestamp":"2026-01-30T18:51:45.626Z"}
{"level":"info","message":"User service running on port 5000","timestamp":"2026-01-30T18:52:37.111Z"}
{"level":"info","message":"User service running on port 5000","timestamp":"2026-01-30T18:52:49.136Z"}
{"level":"info","message":"User service running on port 5000","timestamp":"2026-01-30T18:55:59.141Z"}
{"level":"info","message":"User service running on port 5000","timestamp":"2026-01-30T19:14:50.322Z"}
{"level":"info","message":"User service running on port 5000","timestamp":"2026-01-31T02:54:21.564Z"}
{"level":"info","message":"User service running on port 5000","timestamp":"2026-01-31T03:06:12.022Z"}
{"level":"info","message":"Fetching all users","requestId":"3eb9846c-2eb8-4e8b-82b6-079bb9f503ba","timestamp":"2026-01-31T03:06:17.809Z"}
{"level":"info","message":"Creating user","requestId":"fb66f3aa-b409-48f0-b8e7-7ce4accfc454","timestamp":"2026-01-31T03:12:57.773Z"}
{"error":"Bind parameters must not contain undefined. To pass SQL NULL specify JS null","level":"error","message":"Error creating user","requestId":"fb66f3aa-b409-48f0-b8e7-7ce4accfc454","timestamp":"2026-01-31T03:12:57.774Z"}
{"level":"info","message":"User service running on port 5000","timestamp":"2026-01-31T03:17:11.413Z"}
{"email":"shifati@digiground.com.au","level":"info","message":"Creating user","requestId":"074d5a26-80c0-4fcc-af77-3ebbb3826b35","timestamp":"2026-01-31T03:17:29.055Z"}
{"level":"info","message":"Fetching all users","requestId":"d1deac43-fb23-480d-93bd-c153987fd58a","timestamp":"2026-01-31T03:17:45.457Z"}
{"email":"shifati@digiground.com.au","level":"info","message":"Creating user","requestId":"2a251232-f9b4-4cbd-8a9d-41364227fe92","timestamp":"2026-01-31T03:18:16.238Z"}
{"error":"Duplicate entry 'shifati@digiground.com.au' for key 'users.email'","level":"error","message":"Error creating user","requestId":"2a251232-f9b4-4cbd-8a9d-41364227fe92","timestamp":"2026-01-31T03:18:16.244Z"}
{"email":"rabbishifati@gmail.com","level":"info","message":"Creating user","requestId":"b75a8458-fdf4-4714-a642-3e652a0bfd07","timestamp":"2026-01-31T03:18:36.532Z"}
{"level":"info","message":"User service running on port 5000","timestamp":"2026-01-31T03:38:25.612Z"}
{"level":"info","message":"User service running on port 5000","timestamp":"2026-01-31T03:38:38.111Z"}
{"level":"info","message":"User service running on port 5000","timestamp":"2026-01-31T03:40:25.224Z"}
{"level":"info","message":"User service running on port 5000","timestamp":"2026-01-31T03:47:04.850Z"}
{"level":"info","message":"User service running on port 5000","timestamp":"2026-01-31T03:47:21.450Z"}
{"level":"info","message":"User service running on port 5000","timestamp":"2026-01-31T03:47:49.988Z"}
{"level":"info","message":"User service running on port 5000","timestamp":"2026-01-31T03:49:32.403Z"}
{"level":"info","message":"User service running on port 5000","timestamp":"2026-01-31T03:53:57.995Z"}
